<?xml version="1.0" encoding="UTF-8"?>
<testng-results ignored="0" total="1" passed="1" failed="0" skipped="0">
  <reporter-output>
  </reporter-output>
  <suite started-at="2022-11-15T22:38:11 IST" name="Default suite" finished-at="2022-11-15T22:38:11 IST" duration-ms="113">
    <groups>
    </groups>
    <test started-at="2022-11-15T22:38:11 IST" name="Default test" finished-at="2022-11-15T22:38:11 IST" duration-ms="113">
      <class name="jen.Createcontact_org">
        <test-method signature="createContact_org()[pri:0, instance:jen.Createcontact_org@4e91d63f]" started-at="2022-11-15T22:38:11 IST" name="createContact_org" finished-at="2022-11-15T22:38:11 IST" duration-ms="16" status="PASS">
          <reporter-output>
          </reporter-output>
        </test-method> <!-- createContact_org -->
      </class> <!-- jen.Createcontact_org -->
    </test> <!-- Default test -->
  </suite> <!-- Default suite -->
</testng-results>
